D, [2013-04-05T18:20:41.543926 #20783] DEBUG -- :   [1m[36m (177.6ms)[0m  [1mCREATE TABLE `schema_migrations` (`version` varchar(255) NOT NULL) ENGINE=InnoDB[0m
D, [2013-04-05T18:20:41.897704 #20783] DEBUG -- :   [1m[35m (190.7ms)[0m  CREATE UNIQUE INDEX `unique_schema_migrations` ON `schema_migrations` (`version`)
D, [2013-04-05T18:40:11.536314 #21134] DEBUG -- :   [1m[36m (255.5ms)[0m  [1mCREATE TABLE `schema_migrations` (`version` varchar(255) NOT NULL) ENGINE=InnoDB[0m
D, [2013-04-05T18:40:11.878529 #21134] DEBUG -- :   [1m[35m (190.1ms)[0m  CREATE UNIQUE INDEX `unique_schema_migrations` ON `schema_migrations` (`version`)
D, [2013-04-05T18:59:37.476543 #21163] DEBUG -- :   [1m[36m (159.4ms)[0m  [1mCREATE TABLE `gps_dates` (`id` int(11) DEFAULT NULL auto_increment PRIMARY KEY, `al_z` float DEFAULT 0 NOT NULL, `l_x` float NOT NULL, `l_y` float DEFAULT 0 NOT NULL, `t` int(11) NOT NULL, `t_i` int(11) NOT NULL, `al` float DEFAULT 0 NOT NULL, `vv_0` float DEFAULT 0 NOT NULL, `vv_1` float DEFAULT 0 NOT NULL, `ha` varchar(255), `va` varchar(255), `t_i_date` int(11) NOT NULL, `date_fix` int(11) NOT NULL) ENGINE=InnoDB[0m
D, [2013-04-05T19:20:43.876563 #21238] DEBUG -- :   [1m[36m (158.8ms)[0m  [1mCREATE TABLE `schema_migrations` (`version` varchar(255) NOT NULL) ENGINE=InnoDB[0m
D, [2013-04-05T19:20:44.218508 #21238] DEBUG -- :   [1m[35m (190.3ms)[0m  CREATE UNIQUE INDEX `unique_schema_migrations` ON `schema_migrations` (`version`)
D, [2013-04-05T20:51:44.508379 #21435] DEBUG -- :   [1m[36m (196.0ms)[0m  [1mCREATE TABLE `schema_migrations` (`version` varchar(255) NOT NULL) ENGINE=InnoDB[0m
D, [2013-04-05T20:51:44.845235 #21435] DEBUG -- :   [1m[35m (192.0ms)[0m  CREATE UNIQUE INDEX `unique_schema_migrations` ON `schema_migrations` (`version`)
D, [2013-04-05T20:52:11.060199 #21455] DEBUG -- :   [1m[36m (252.3ms)[0m  [1mCREATE TABLE `schema_migrations` (`version` varchar(255) NOT NULL) ENGINE=InnoDB[0m
D, [2013-04-05T20:52:11.404362 #21455] DEBUG -- :   [1m[35m (188.0ms)[0m  CREATE UNIQUE INDEX `unique_schema_migrations` ON `schema_migrations` (`version`)
D, [2013-04-05T20:54:13.138341 #21495] DEBUG -- :   [1m[36m (158.6ms)[0m  [1mCREATE TABLE `schema_migrations` (`version` varchar(255) NOT NULL) ENGINE=InnoDB[0m
D, [2013-04-05T20:54:13.479183 #21495] DEBUG -- :   [1m[35m (189.0ms)[0m  CREATE UNIQUE INDEX `unique_schema_migrations` ON `schema_migrations` (`version`)
D, [2013-04-05T20:54:14.281708 #21495] DEBUG -- :   [1m[36m (185.3ms)[0m  [1mSELECT `schema_migrations`.`version` FROM `schema_migrations` [0m
I, [2013-04-05T20:54:14.281974 #21495]  INFO -- : Migrating to CreateGpsDates (1)
D, [2013-04-05T20:54:14.528696 #21495] DEBUG -- :   [1m[35m (192.4ms)[0m  CREATE TABLE `gps_dates` (`id` int(11) DEFAULT NULL auto_increment PRIMARY KEY, `al_z` float DEFAULT 0 NOT NULL, `l_x` float NOT NULL, `l_y` float DEFAULT 0 NOT NULL, `t` int(11) NOT NULL, `t_i` int(11) NOT NULL, `al` float DEFAULT 0 NOT NULL, `vv_0` float DEFAULT 0 NOT NULL, `vv_1` float DEFAULT 0 NOT NULL, `ha` varchar(255), `va` varchar(255), `t_i_date` int(11) NOT NULL, `date_fix` int(11) NOT NULL) ENGINE=InnoDB
D, [2013-04-05T20:54:14.683804 #21495] DEBUG -- :   [1m[36m (153.6ms)[0m  [1mINSERT INTO `schema_migrations` (`version`) VALUES ('1')[0m
D, [2013-04-05T21:02:08.108120 #21607] DEBUG -- :   [1m[36m (151.1ms)[0m  [1mCREATE TABLE `schema_migrations` (`version` varchar(255) NOT NULL) ENGINE=InnoDB[0m
D, [2013-04-05T21:02:08.458735 #21607] DEBUG -- :   [1m[35m (206.0ms)[0m  CREATE UNIQUE INDEX `unique_schema_migrations` ON `schema_migrations` (`version`)
D, [2013-04-05T21:03:58.357141 #21651] DEBUG -- :   [1m[36m (155.5ms)[0m  [1mSELECT `schema_migrations`.`version` FROM `schema_migrations` [0m
I, [2013-04-05T21:03:58.357454 #21651]  INFO -- : Migrating to CreateGpsDates (1)
D, [2013-04-05T21:03:58.569064 #21651] DEBUG -- :   [1m[35m (158.5ms)[0m  CREATE TABLE `gps_dates` (`id` int(11) DEFAULT NULL auto_increment PRIMARY KEY, `al_z` float DEFAULT 0 NOT NULL, `l_x` float NOT NULL, `l_y` float DEFAULT 0 NOT NULL, `t` int(11) NOT NULL, `t_i` int(11) NOT NULL, `al` float DEFAULT 0 NOT NULL, `vv_0` float DEFAULT 0 NOT NULL, `vv_1` float DEFAULT 0 NOT NULL, `ha` varchar(255), `va` varchar(255), `t_i_date` int(11) NOT NULL, `date_fix` int(11) NOT NULL) ENGINE=InnoDB
D, [2013-04-05T21:03:58.724954 #21651] DEBUG -- :   [1m[36m (154.5ms)[0m  [1mINSERT INTO `schema_migrations` (`version`) VALUES ('1')[0m
D, [2013-04-05T21:05:40.942830 #21677] DEBUG -- :   [1m[36m (152.7ms)[0m  [1mCREATE TABLE `schema_migrations` (`version` varchar(255) NOT NULL) ENGINE=InnoDB[0m
D, [2013-04-05T21:05:41.272737 #21677] DEBUG -- :   [1m[35m (182.3ms)[0m  CREATE UNIQUE INDEX `unique_schema_migrations` ON `schema_migrations` (`version`)
D, [2013-04-05T21:05:41.997817 #21677] DEBUG -- :   [1m[36m (145.7ms)[0m  [1mSELECT `schema_migrations`.`version` FROM `schema_migrations` [0m
I, [2013-04-05T21:05:41.998086 #21677]  INFO -- : Migrating to CreateGpsDates (1)
D, [2013-04-05T21:05:42.214743 #21677] DEBUG -- :   [1m[35m (195.3ms)[0m  CREATE TABLE `gps_dates` (`id` int(11) DEFAULT NULL auto_increment PRIMARY KEY, `al_z` float DEFAULT 0 NOT NULL, `l_x` float NOT NULL, `l_y` float DEFAULT 0 NOT NULL, `t` int(11) NOT NULL, `t_i` int(11) NOT NULL, `al` float DEFAULT 0 NOT NULL, `vv_0` float DEFAULT 0 NOT NULL, `vv_1` float DEFAULT 0 NOT NULL, `ha` varchar(255), `va` varchar(255), `t_i_date` int(11) NOT NULL, `date_fix` int(11) NOT NULL) ENGINE=InnoDB
D, [2013-04-05T21:05:42.362556 #21677] DEBUG -- :   [1m[36m (146.4ms)[0m  [1mINSERT INTO `schema_migrations` (`version`) VALUES ('1')[0m
D, [2013-04-05T22:31:41.676854 #3219] DEBUG -- :   [1m[36m (153.4ms)[0m  [1mSELECT `schema_migrations`.`version` FROM `schema_migrations` [0m
I, [2013-04-05T22:31:41.677187 #3219]  INFO -- : Migrating to CreateGpsDates (1)
